mode: set
gopkg.in/templates.v1/mutable/ordered/set/orderedAvlSet.go:27.37,29.2 1 1
gopkg.in/templates.v1/mutable/ordered/set/orderedAvlSet.go:31.36,33.2 1 0
gopkg.in/templates.v1/mutable/ordered/set/orderedAvlSet.go:35.48,37.25 2 1
gopkg.in/templates.v1/mutable/ordered/set/orderedAvlSet.go:46.2,46.14 1 1
gopkg.in/templates.v1/mutable/ordered/set/orderedAvlSet.go:37.25,38.30 1 0
gopkg.in/templates.v1/mutable/ordered/set/orderedAvlSet.go:38.30,40.4 1 0
gopkg.in/templates.v1/mutable/ordered/set/orderedAvlSet.go:40.4,40.37 1 0
gopkg.in/templates.v1/mutable/ordered/set/orderedAvlSet.go:40.37,42.4 1 0
gopkg.in/templates.v1/mutable/ordered/set/orderedAvlSet.go:42.4,44.4 1 0
gopkg.in/templates.v1/mutable/ordered/set/orderedAvlSet.go:49.43,51.24 2 1
gopkg.in/templates.v1/mutable/ordered/set/orderedAvlSet.go:55.2,55.14 1 0
gopkg.in/templates.v1/mutable/ordered/set/orderedAvlSet.go:51.24,54.3 2 1
gopkg.in/templates.v1/mutable/ordered/set/orderedAvlSet.go:58.46,60.2 1 0
